<?xml version="1.0" encoding="UTF-8" ?>
<!DOCTYPE ldml SYSTEM "../../common/dtd/ldml.dtd">
<!-- Adapted from common/main/af.xml -->
<ldml>
	<identity>
		<version number="$Revision$"/>
		<language type="test-aa"/>
	</identity>
	<numbers>
		<currencyFormats numberSystem="latn">
			<currencies>
				<currency type="AFN">
					<displayName>Afgaanse afgani</displayName>
				</currency>
				<currency type="AUD">
					<displayName>Aussie dollar</displayName>
					<symbol>$AU</symbol>
				</currency>
				<currency type="RUB">
					<displayName>Russiese roebel</displayName>
					<symbol alt="variant">â‚½</symbol>
				</currency>
			</currencies>
		</currencyFormats>
	</numbers>
</ldml>
